# JRE version: OpenJDK Runtime Environment (17.0.10) (build 17.0.10+0--11609105)
# Java VM: OpenJDK 64-Bit Server VM (17.0.10+0--11609105, mixed mode, tiered, compressed oops, compressed class ptrs, g1 gc, windows-amd64)
GC Precious Log:
 CPUs: 8 total, 8 available
 Memory: 31013M
 Large Page Support: Disabled
 NUMA Support: Disabled
 Compressed Oops: Enabled (32-bit)
 Heap Region Size: 1M
 Heap Min Capacity: 8M
 Heap Initial Capacity: 486M
 Heap Max Capacity: 2G
 Pre-touch: Disabled
 Parallel Workers: 8
 Concurrent Workers: 2
 Concurrent Refinement Workers: 8
 Periodic GC: Disabled
Heap:
 garbage-first heap   total 476160K, used 399302K [0x0000000080000000, 0x0000000100000000)
  region size 1024K, 34 young (34816K), 6 survivors (6144K)
 Metaspace       used 247206K, committed 248768K, reserved 1310720K
  class space    used 31718K, committed 32512K, reserved 1048576K
GC Heap History (20 events):
Event: 2188.067 GC heap before
{Heap before GC invocations=141 (full 0):
 garbage-first heap   total 476160K, used 413329K [0x0000000080000000, 0x0000000100000000)
  region size 1024K, 77 young (78848K), 4 survivors (4096K)
 Metaspace       used 240728K, committed 242240K, reserved 1310720K
  class space    used 30907K, committed 31680K, reserved 1048576K
}
Event: 2188.071 GC heap after
{Heap after GC invocations=142 (full 0):
 garbage-first heap   total 476160K, used 339045K [0x0000000080000000, 0x0000000100000000)
  region size 1024K, 4 young (4096K), 4 survivors (4096K)
 Metaspace       used 240728K, committed 242240K, reserved 1310720K
  class space    used 30907K, committed 31680K, reserved 1048576K
}
Event: 2248.971 GC heap before
{Heap before GC invocations=142 (full 0):
 garbage-first heap   total 476160K, used 414821K [0x0000000080000000, 0x0000000100000000)
  region size 1024K, 79 young (80896K), 4 survivors (4096K)
 Metaspace       used 240764K, committed 242240K, reserved 1310720K
  class space    used 30912K, committed 31680K, reserved 1048576K
}
Event: 2248.976 GC heap after
{Heap after GC invocations=143 (full 0):
 garbage-first heap   total 476160K, used 339652K [0x0000000080000000, 0x0000000100000000)
  region size 1024K, 4 young (4096K), 4 survivors (4096K)
 Metaspace       used 240764K, committed 242240K, reserved 1310720K
  class space    used 30912K, committed 31680K, reserved 1048576K
}
Event: 2249.154 GC heap before
{Heap before GC invocations=143 (full 0):
 garbage-first heap   total 476160K, used 415428K [0x0000000080000000, 0x0000000100000000)
  region size 1024K, 79 young (80896K), 4 survivors (4096K)
 Metaspace       used 240786K, committed 242304K, reserved 1310720K
  class space    used 30913K, committed 31680K, reserved 1048576K
}
Event: 2249.159 GC heap after
{Heap after GC invocations=144 (full 0):
 garbage-first heap   total 476160K, used 340530K [0x0000000080000000, 0x0000000100000000)
  region size 1024K, 5 young (5120K), 5 survivors (5120K)
 Metaspace       used 240786K, committed 242304K, reserved 1310720K
  class space    used 30913K, committed 31680K, reserved 1048576K
}
Event: 2249.430 GC heap before
{Heap before GC invocations=144 (full 0):
 garbage-first heap   total 476160K, used 416306K [0x0000000080000000, 0x0000000100000000)
  region size 1024K, 80 young (81920K), 5 survivors (5120K)
 Metaspace       used 240805K, committed 242304K, reserved 1310720K
  class space    used 30913K, committed 31680K, reserved 1048576K
}
Event: 2249.436 GC heap after
{Heap after GC invocations=145 (full 0):
 garbage-first heap   total 476160K, used 339962K [0x0000000080000000, 0x0000000100000000)
  region size 1024K, 4 young (4096K), 4 survivors (4096K)
 Metaspace       used 240805K, committed 242304K, reserved 1310720K
  class space    used 30913K, committed 31680K, reserved 1048576K
}
Event: 2255.467 GC heap before
{Heap before GC invocations=145 (full 0):
 garbage-first heap   total 476160K, used 417786K [0x0000000080000000, 0x0000000100000000)
  region size 1024K, 81 young (82944K), 4 survivors (4096K)
 Metaspace       used 241735K, committed 243328K, reserved 1310720K
  class space    used 31019K, committed 31808K, reserved 1048576K
}
Event: 2255.478 GC heap after
{Heap after GC invocations=146 (full 0):
 garbage-first heap   total 476160K, used 345975K [0x0000000080000000, 0x0000000100000000)
  region size 1024K, 10 young (10240K), 10 survivors (10240K)
 Metaspace       used 241735K, committed 243328K, reserved 1310720K
  class space    used 31019K, committed 31808K, reserved 1048576K
}
Event: 2273.307 GC heap before
{Heap before GC invocations=146 (full 0):
 garbage-first heap   total 476160K, used 420727K [0x0000000080000000, 0x0000000100000000)
  region size 1024K, 76 young (77824K), 10 survivors (10240K)
 Metaspace       used 242095K, committed 243648K, reserved 1310720K
  class space    used 31036K, committed 31808K, reserved 1048576K
}
Event: 2273.320 GC heap after
{Heap after GC invocations=147 (full 0):
 garbage-first heap   total 476160K, used 350290K [0x0000000080000000, 0x0000000100000000)
  region size 1024K, 6 young (6144K), 6 survivors (6144K)
 Metaspace       used 242095K, committed 243648K, reserved 1310720K
  class space    used 31036K, committed 31808K, reserved 1048576K
}
Event: 2820.414 GC heap before
{Heap before GC invocations=147 (full 0):
 garbage-first heap   total 476160K, used 411730K [0x0000000080000000, 0x0000000100000000)
  region size 1024K, 67 young (68608K), 6 survivors (6144K)
 Metaspace       used 242260K, committed 243776K, reserved 1310720K
  class space    used 31051K, committed 31808K, reserved 1048576K
}
Event: 2820.426 GC heap after
{Heap after GC invocations=148 (full 0):
 garbage-first heap   total 476160K, used 353043K [0x0000000080000000, 0x0000000100000000)
  region size 1024K, 4 young (4096K), 4 survivors (4096K)
 Metaspace       used 242260K, committed 243776K, reserved 1310720K
  class space    used 31051K, committed 31808K, reserved 1048576K
}
Event: 2821.776 GC heap before
{Heap before GC invocations=148 (full 0):
 garbage-first heap   total 476160K, used 413459K [0x0000000080000000, 0x0000000100000000)
  region size 1024K, 64 young (65536K), 4 survivors (4096K)
 Metaspace       used 244370K, committed 245888K, reserved 1310720K
  class space    used 31343K, committed 32128K, reserved 1048576K
}
Event: 2821.790 GC heap after
{Heap after GC invocations=149 (full 0):
 garbage-first heap   total 476160K, used 359161K [0x0000000080000000, 0x0000000100000000)
  region size 1024K, 8 young (8192K), 8 survivors (8192K)
 Metaspace       used 244370K, committed 245888K, reserved 1310720K
  class space    used 31343K, committed 32128K, reserved 1048576K
}
Event: 2822.743 GC heap before
{Heap before GC invocations=149 (full 0):
 garbage-first heap   total 476160K, used 413433K [0x0000000080000000, 0x0000000100000000)
  region size 1024K, 61 young (62464K), 8 survivors (8192K)
 Metaspace       used 245431K, committed 247040K, reserved 1310720K
  class space    used 31536K, committed 32320K, reserved 1048576K
}
Event: 2822.762 GC heap after
{Heap after GC invocations=150 (full 0):
 garbage-first heap   total 476160K, used 366468K [0x0000000080000000, 0x0000000100000000)
  region size 1024K, 8 young (8192K), 8 survivors (8192K)
 Metaspace       used 245431K, committed 247040K, reserved 1310720K
  class space    used 31536K, committed 32320K, reserved 1048576K
}
Event: 2824.130 GC heap before
{Heap before GC invocations=150 (full 0):
 garbage-first heap   total 476160K, used 411524K [0x0000000080000000, 0x0000000100000000)
  region size 1024K, 53 young (54272K), 8 survivors (8192K)
 Metaspace       used 246882K, committed 248512K, reserved 1310720K
  class space    used 31695K, committed 32512K, reserved 1048576K
}
Event: 2824.141 GC heap after
{Heap after GC invocations=151 (full 0):
 garbage-first heap   total 476160K, used 371654K [0x0000000080000000, 0x0000000100000000)
  region size 1024K, 6 young (6144K), 6 survivors (6144K)
 Metaspace       used 246882K, committed 248512K, reserved 1310720K
  class space    used 31695K, committed 32512K, reserved 1048576K
}

